# JRE version: OpenJDK Runtime Environment (16.0.1+9) (build 16.0.1+9-24)
# Java VM: OpenJDK 64-Bit Server VM (16.0.1+9-24, mixed mode, tiered, compressed oops, compressed class ptrs, g1 gc, windows-amd64)
GC Precious Log:
 CPUs: 8 total, 8 available
 Memory: 12168M
 Large Page Support: Disabled
 NUMA Support: Disabled
 Compressed Oops: Enabled (Zero based)
 Heap Region Size: 2M
 Heap Min Capacity: 8M
 Heap Initial Capacity: 192M
 Heap Max Capacity: 3044M
 Pre-touch: Disabled
 Parallel Workers: 8
 Concurrent Workers: 2
 Concurrent Refinement Workers: 8
 Periodic GC: Disabled
Heap:
 garbage-first heap   total 61440K, used 30945K [0x0000000741c00000, 0x0000000800000000)
  region size 2048K, 3 young (6144K), 2 survivors (4096K)
 Metaspace       used 72850K, committed 73344K, reserved 1114112K
  class space    used 9142K, committed 9408K, reserved 1048576K
GC Heap History (20 events):
Event: 65.872 GC heap before
{Heap before GC invocations=19 (full 0):
 garbage-first heap   total 61440K, used 47424K [0x0000000741c00000, 0x0000000800000000)
  region size 2048K, 12 young (24576K), 2 survivors (4096K)
 Metaspace       used 68751K, committed 69120K, reserved 1114112K
  class space    used 8778K, committed 8960K, reserved 1048576K
}
Event: 65.877 GC heap after
{Heap after GC invocations=20 (full 0):
 garbage-first heap   total 61440K, used 28693K [0x0000000741c00000, 0x0000000800000000)
  region size 2048K, 2 young (4096K), 2 survivors (4096K)
 Metaspace       used 68751K, committed 69120K, reserved 1114112K
  class space    used 8778K, committed 8960K, reserved 1048576K
}
Event: 503.292 GC heap before
{Heap before GC invocations=20 (full 0):
 garbage-first heap   total 61440K, used 47125K [0x0000000741c00000, 0x0000000800000000)
  region size 2048K, 11 young (22528K), 2 survivors (4096K)
 Metaspace       used 71375K, committed 71872K, reserved 1114112K
  class space    used 9044K, committed 9280K, reserved 1048576K
}
Event: 503.295 GC heap after
{Heap after GC invocations=21 (full 0):
 garbage-first heap   total 61440K, used 29450K [0x0000000741c00000, 0x0000000800000000)
  region size 2048K, 2 young (4096K), 2 survivors (4096K)
 Metaspace       used 71375K, committed 71872K, reserved 1114112K
  class space    used 9044K, committed 9280K, reserved 1048576K
}
Event: 5369.103 GC heap before
{Heap before GC invocations=21 (full 0):
 garbage-first heap   total 61440K, used 47882K [0x0000000741c00000, 0x0000000800000000)
  region size 2048K, 11 young (22528K), 2 survivors (4096K)
 Metaspace       used 72669K, committed 73152K, reserved 1114112K
  class space    used 9162K, committed 9408K, reserved 1048576K
}
Event: 5369.108 GC heap after
{Heap after GC invocations=22 (full 0):
 garbage-first heap   total 61440K, used 32143K [0x0000000741c00000, 0x0000000800000000)
  region size 2048K, 2 young (4096K), 2 survivors (4096K)
 Metaspace       used 72669K, committed 73152K, reserved 1114112K
  class space    used 9162K, committed 9408K, reserved 1048576K
}
Event: 12449.998 GC heap before
{Heap before GC invocations=23 (full 0):
 garbage-first heap   total 61440K, used 46479K [0x0000000741c00000, 0x0000000800000000)
  region size 2048K, 9 young (18432K), 2 survivors (4096K)
 Metaspace       used 72660K, committed 73216K, reserved 1114112K
  class space    used 9144K, committed 9408K, reserved 1048576K
}
Event: 12450.002 GC heap after
{Heap after GC invocations=24 (full 0):
 garbage-first heap   total 61440K, used 33226K [0x0000000741c00000, 0x0000000800000000)
  region size 2048K, 2 young (4096K), 2 survivors (4096K)
 Metaspace       used 72660K, committed 73216K, reserved 1114112K
  class space    used 9144K, committed 9408K, reserved 1048576K
}
Event: 12520.124 GC heap before
{Heap before GC invocations=24 (full 0):
 garbage-first heap   total 61440K, used 35274K [0x0000000741c00000, 0x0000000800000000)
  region size 2048K, 3 young (6144K), 2 survivors (4096K)
 Metaspace       used 72672K, committed 73216K, reserved 1114112K
  class space    used 9144K, committed 9408K, reserved 1048576K
}
Event: 12520.129 GC heap after
{Heap after GC invocations=25 (full 0):
 garbage-first heap   total 61440K, used 30574K [0x0000000741c00000, 0x0000000800000000)
  region size 2048K, 1 young (2048K), 1 survivors (2048K)
 Metaspace       used 72672K, committed 73216K, reserved 1114112K
  class space    used 9144K, committed 9408K, reserved 1048576K
}
Event: 14186.628 GC heap before
{Heap before GC invocations=25 (full 0):
 garbage-first heap   total 61440K, used 32622K [0x0000000741c00000, 0x0000000800000000)
  region size 2048K, 2 young (4096K), 1 survivors (2048K)
 Metaspace       used 72675K, committed 73216K, reserved 1114112K
  class space    used 9145K, committed 9408K, reserved 1048576K
}
Event: 14186.633 GC heap after
{Heap after GC invocations=26 (full 0):
 garbage-first heap   total 61440K, used 28951K [0x0000000741c00000, 0x0000000800000000)
  region size 2048K, 1 young (2048K), 1 survivors (2048K)
 Metaspace       used 72675K, committed 73216K, reserved 1114112K
  class space    used 9145K, committed 9408K, reserved 1048576K
}
Event: 21371.598 GC heap before
{Heap before GC invocations=26 (full 0):
 garbage-first heap   total 61440K, used 47383K [0x0000000741c00000, 0x0000000800000000)
  region size 2048K, 10 young (20480K), 1 survivors (2048K)
 Metaspace       used 72781K, committed 73280K, reserved 1114112K
  class space    used 9145K, committed 9408K, reserved 1048576K
}
Event: 21371.602 GC heap after
{Heap after GC invocations=27 (full 0):
 garbage-first heap   total 61440K, used 31589K [0x0000000741c00000, 0x0000000800000000)
  region size 2048K, 2 young (4096K), 2 survivors (4096K)
 Metaspace       used 72781K, committed 73280K, reserved 1114112K
  class space    used 9145K, committed 9408K, reserved 1048576K
}
Event: 84663.113 GC heap before
{Heap before GC invocations=28 (full 0):
 garbage-first heap   total 61440K, used 47973K [0x0000000741c00000, 0x0000000800000000)
  region size 2048K, 10 young (20480K), 2 survivors (4096K)
 Metaspace       used 72802K, committed 73344K, reserved 1114112K
  class space    used 9142K, committed 9408K, reserved 1048576K
}
Event: 84663.239 GC heap after
{Heap after GC invocations=29 (full 0):
 garbage-first heap   total 61440K, used 31011K [0x0000000741c00000, 0x0000000800000000)
  region size 2048K, 1 young (2048K), 1 survivors (2048K)
 Metaspace       used 72802K, committed 73344K, reserved 1114112K
  class space    used 9142K, committed 9408K, reserved 1048576K
}
Event: 84684.752 GC heap before
{Heap before GC invocations=29 (full 0):
 garbage-first heap   total 61440K, used 33059K [0x0000000741c00000, 0x0000000800000000)
  region size 2048K, 2 young (4096K), 1 survivors (2048K)
 Metaspace       used 72803K, committed 73344K, reserved 1114112K
  class space    used 9142K, committed 9408K, reserved 1048576K
}
Event: 84684.757 GC heap after
{Heap after GC invocations=30 (full 0):
 garbage-first heap   total 61440K, used 28693K [0x0000000741c00000, 0x0000000800000000)
  region size 2048K, 1 young (2048K), 1 survivors (2048K)
 Metaspace       used 72803K, committed 73344K, reserved 1114112K
  class space    used 9142K, committed 9408K, reserved 1048576K
}
Event: 91828.148 GC heap before
{Heap before GC invocations=30 (full 0):
 garbage-first heap   total 61440K, used 45077K [0x0000000741c00000, 0x0000000800000000)
  region size 2048K, 9 young (18432K), 1 survivors (2048K)
 Metaspace       used 72850K, committed 73344K, reserved 1114112K
  class space    used 9142K, committed 9408K, reserved 1048576K
}
Event: 91828.154 GC heap after
{Heap after GC invocations=31 (full 0):
 garbage-first heap   total 61440K, used 30945K [0x0000000741c00000, 0x0000000800000000)
  region size 2048K, 2 young (4096K), 2 survivors (4096K)
 Metaspace       used 72850K, committed 73344K, reserved 1114112K
  class space    used 9142K, committed 9408K, reserved 1048576K
}

